2023-01-09 12:56:56,393 [Worker-8: Loading available Gradle versions] INFO  o.e.b.c.i.u.g.PublishedGradleVersions - Gradle version information cache is up-to-date. Trying to read.
2023-01-09 12:57:45,879 [Worker-11: Importing Maven projects] INFO  o.e.m.c.i.l.LifecycleMappingFactory - Using org.eclipse.m2e.jdt.JarLifecycleMapping lifecycle mapping for MavenProject: ch.hearc.jee:tldr:0.0.1-SNAPSHOT @ D:\S5_SA_22_23\3291_Informatique_spec_SA\3291.2_JEE_I\try2\tldr\pom.xml.
2023-01-09 12:57:46,444 [Worker-11: Importing Maven projects] INFO  o.e.m.j.i.AbstractJavaProjectConfigurator - Adding source folder /tldr/src/main/java
2023-01-09 12:57:46,445 [Worker-11: Importing Maven projects] INFO  o.e.m.j.i.AbstractJavaProjectConfigurator - Adding resource folder /tldr/src/main/resources
2023-01-09 12:57:46,452 [Worker-11: Importing Maven projects] INFO  o.e.m.j.i.AbstractJavaProjectConfigurator - Adding resource folder /tldr/src/main/resources
2023-01-09 12:57:46,457 [Worker-11: Importing Maven projects] INFO  o.e.m.j.i.AbstractJavaProjectConfigurator - Adding source folder /tldr/src/test/java
2023-01-09 12:57:47,539 [Worker-11: Importing Maven projects] INFO  o.e.m.c.i.p.ProjectConfigurationManager - Imported and configured 1 project(s) in 2 sec
2023-01-09 12:57:48,194 [Worker-0: Building] INFO  o.a.m.s.f.DefaultMavenResourcesFiltering - Copying 1 resource
2023-01-09 12:57:48,214 [Worker-0: Building] INFO  o.a.m.s.f.DefaultMavenResourcesFiltering - Copying 0 resource
2023-01-09 12:57:48,217 [Worker-0: Building] INFO  o.a.m.s.f.DefaultMavenResourcesFiltering - skip non existing resourceDirectory D:\S5_SA_22_23\3291_Informatique_spec_SA\3291.2_JEE_I\try2\tldr\src\test\resources
2023-01-09 12:58:44,581 [Worker-7: Building] INFO  o.a.m.s.f.DefaultMavenResourcesFiltering - Copying 1 resource
2023-01-09 12:58:44,592 [Worker-7: Building] INFO  o.a.m.s.f.DefaultMavenResourcesFiltering - Copying 0 resource
2023-01-09 12:58:44,595 [Worker-7: Building] INFO  o.a.m.s.f.DefaultMavenResourcesFiltering - skip non existing resourceDirectory D:\S5_SA_22_23\3291_Informatique_spec_SA\3291.2_JEE_I\try2\tldr\src\test\resources
2023-01-09 12:59:00,219 [Worker-10: Building] INFO  o.a.m.s.f.DefaultMavenResourcesFiltering - Copying 1 resource
2023-01-09 12:59:00,231 [Worker-10: Building] INFO  o.a.m.s.f.DefaultMavenResourcesFiltering - Copying 0 resource
2023-01-09 12:59:00,235 [Worker-10: Building] INFO  o.a.m.s.f.DefaultMavenResourcesFiltering - skip non existing resourceDirectory D:\S5_SA_22_23\3291_Informatique_spec_SA\3291.2_JEE_I\try2\tldr\src\test\resources
2023-01-09 12:59:07,006 [Worker-3: Building] INFO  o.a.m.s.f.DefaultMavenResourcesFiltering - Copying 1 resource
2023-01-09 12:59:07,009 [Worker-3: Building] INFO  o.a.m.s.f.DefaultMavenResourcesFiltering - Copying 0 resource
2023-01-09 12:59:07,011 [Worker-3: Building] INFO  o.a.m.s.f.DefaultMavenResourcesFiltering - skip non existing resourceDirectory D:\S5_SA_22_23\3291_Informatique_spec_SA\3291.2_JEE_I\try2\tldr\src\test\resources
2023-01-09 12:59:20,859 [Worker-1: Building] INFO  o.a.m.s.f.DefaultMavenResourcesFiltering - Copying 1 resource
2023-01-09 12:59:20,862 [Worker-1: Building] INFO  o.a.m.s.f.DefaultMavenResourcesFiltering - Copying 0 resource
2023-01-09 12:59:20,864 [Worker-1: Building] INFO  o.a.m.s.f.DefaultMavenResourcesFiltering - skip non existing resourceDirectory D:\S5_SA_22_23\3291_Informatique_spec_SA\3291.2_JEE_I\try2\tldr\src\test\resources
2023-01-09 12:59:28,170 [Worker-8: Building] INFO  o.a.m.s.f.DefaultMavenResourcesFiltering - Copying 1 resource
2023-01-09 12:59:28,173 [Worker-8: Building] INFO  o.a.m.s.f.DefaultMavenResourcesFiltering - Copying 0 resource
2023-01-09 12:59:28,176 [Worker-8: Building] INFO  o.a.m.s.f.DefaultMavenResourcesFiltering - skip non existing resourceDirectory D:\S5_SA_22_23\3291_Informatique_spec_SA\3291.2_JEE_I\try2\tldr\src\test\resources
2023-01-09 12:59:36,267 [Worker-0: Building] INFO  o.a.m.s.f.DefaultMavenResourcesFiltering - Copying 1 resource
2023-01-09 12:59:36,270 [Worker-0: Building] INFO  o.a.m.s.f.DefaultMavenResourcesFiltering - Copying 0 resource
2023-01-09 12:59:36,272 [Worker-0: Building] INFO  o.a.m.s.f.DefaultMavenResourcesFiltering - skip non existing resourceDirectory D:\S5_SA_22_23\3291_Informatique_spec_SA\3291.2_JEE_I\try2\tldr\src\test\resources
2023-01-09 12:59:46,716 [Worker-1: Building] INFO  o.a.m.s.f.DefaultMavenResourcesFiltering - Copying 1 resource
2023-01-09 12:59:46,725 [Worker-1: Building] INFO  o.a.m.s.f.DefaultMavenResourcesFiltering - Copying 0 resource
2023-01-09 12:59:46,730 [Worker-1: Building] INFO  o.a.m.s.f.DefaultMavenResourcesFiltering - skip non existing resourceDirectory D:\S5_SA_22_23\3291_Informatique_spec_SA\3291.2_JEE_I\try2\tldr\src\test\resources
2023-01-09 12:59:51,916 [Worker-1: Building] INFO  o.a.m.s.f.DefaultMavenResourcesFiltering - Copying 1 resource
2023-01-09 12:59:51,919 [Worker-1: Building] INFO  o.a.m.s.f.DefaultMavenResourcesFiltering - Copying 0 resource
2023-01-09 12:59:51,921 [Worker-1: Building] INFO  o.a.m.s.f.DefaultMavenResourcesFiltering - skip non existing resourceDirectory D:\S5_SA_22_23\3291_Informatique_spec_SA\3291.2_JEE_I\try2\tldr\src\test\resources
